  [4;36;1mSQL (0.3ms)[0m   [0;1m SELECT name
 FROM sqlite_master
 WHERE type = 'table' AND NOT name = 'sqlite_sequence'
[0m
  [4;35;1mSQL (0.1ms)[0m   [0mselect sqlite_version(*)[0m
  [4;36;1mSQL (16.7ms)[0m   [0;1mCREATE TABLE "schema_migrations" ("version" varchar(255) NOT NULL) [0m
  [4;35;1mSQL (1.4ms)[0m   [0mCREATE UNIQUE INDEX "unique_schema_migrations" ON "schema_migrations" ("version")[0m
  [4;36;1mSQL (0.2ms)[0m   [0;1m SELECT name
 FROM sqlite_master
 WHERE type = 'table' AND NOT name = 'sqlite_sequence'
[0m
  [4;35;1mSQL (0.2ms)[0m   [0mSELECT version FROM schema_migrations[0m
Migrating to CreateNetzkePreferences (20100617224337)
  [4;36;1mSQL (0.6ms)[0m   [0;1mCREATE TABLE "netzke_preferences" ("id" INTEGER PRIMARY KEY AUTOINCREMENT NOT NULL, "name" varchar(255), "pref_type" varchar(255), "value" text, "user_id" integer, "role_id" integer, "widget_name" varchar(255), "created_at" datetime, "updated_at" datetime) [0m
  [4;35;1mSQL (0.1ms)[0m   [0mINSERT INTO schema_migrations (version) VALUES ('20100617224337')[0m
Migrating to CreateNetzkeFieldLists (20100617224339)
  [4;36;1mSQL (0.6ms)[0m   [0;1mCREATE TABLE "netzke_field_lists" ("id" INTEGER PRIMARY KEY AUTOINCREMENT NOT NULL, "name" varchar(255), "value" text, "model_name" varchar(255), "user_id" integer, "role_id" integer, "type" varchar(255), "created_at" datetime, "updated_at" datetime) [0m
  [4;35;1mSQL (0.1ms)[0m   [0mINSERT INTO schema_migrations (version) VALUES ('20100617224339')[0m
Migrating to CreateTasks (20100617225752)
  [4;36;1mSQL (0.5ms)[0m   [0;1mCREATE TABLE "tasks" ("id" INTEGER PRIMARY KEY AUTOINCREMENT NOT NULL, "done" boolean DEFAULT 'f', "name" varchar(255), "notes" text, "priority" integer, "due" date, "created_at" datetime, "updated_at" datetime) [0m
  [4;35;1mSQL (0.1ms)[0m   [0mINSERT INTO schema_migrations (version) VALUES ('20100617225752')[0m
  [4;36;1mSQL (0.5ms)[0m   [0;1m SELECT name
 FROM sqlite_master
 WHERE type = 'table' AND NOT name = 'sqlite_sequence'
[0m
  [4;35;1mSQL (0.2ms)[0m   [0mSELECT version FROM schema_migrations[0m
  [4;36;1mSQL (0.2ms)[0m   [0;1m SELECT name
 FROM sqlite_master
 WHERE type = 'table' AND NOT name = 'sqlite_sequence'
[0m
  [4;35;1mSQL (0.0ms)[0m   [0mPRAGMA index_list("netzke_field_lists")[0m
  [4;36;1mSQL (0.1ms)[0m   [0;1mPRAGMA index_list("netzke_preferences")[0m
  [4;35;1mSQL (0.0ms)[0m   [0mPRAGMA index_list("tasks")[0m


Processing WelcomeController#index (for 127.0.0.1 at 2010-06-17 17:00:52) [GET]
Rendering template within layouts/application
Rendering welcome/index

ActionView::TemplateError (undefined method `netzke' for #<ActionView::Base:0x102d2f750>) on line #1 of app/views/welcome/index.html.erb:
1: <%= netzke :tasks, :class_name => "GridPanel", :model => "Task" %>

    app/views/welcome/index.html.erb:1

Rendered rescues/_trace (47.7ms)
Rendered rescues/_request_and_response (1.2ms)
Rendering rescues/layout (internal_server_error)


Processing WelcomeController#index (for 127.0.0.1 at 2010-06-17 17:02:46) [GET]
Rendering template within layouts/application
Rendering welcome/index
  [4;36;1mNetzkePreference Load (0.6ms)[0m   [0;1mSELECT * FROM "netzke_preferences" WHERE ("netzke_preferences"."widget_name" = 'tasks') [0m
  [4;35;1mNetzkeFieldList Load (0.3ms)[0m   [0mSELECT * FROM "netzke_field_lists" WHERE ("netzke_field_lists"."name" = 'tasks') LIMIT 1[0m
  [4;36;1mNetzkeModelAttrList Load (0.2ms)[0m   [0;1mSELECT * FROM "netzke_field_lists" WHERE ("netzke_field_lists"."name" = 'Task') AND ( ("netzke_field_lists"."type" = 'NetzkeModelAttrList' ) ) LIMIT 1[0m
  [4;35;1mNetzkePreference Load (0.3ms)[0m   [0mSELECT * FROM "netzke_preferences" WHERE ("netzke_preferences"."name" = 'menu' AND "netzke_preferences"."widget_name" = 'tasks') LIMIT 1[0m
  [4;36;1mCACHE (0.0ms)[0m   [0;1mSELECT * FROM "netzke_preferences" WHERE ("netzke_preferences"."name" = 'menu' AND "netzke_preferences"."widget_name" = 'tasks') LIMIT 1[0m
  [4;35;1mTask Load (0.2ms)[0m   [0mSELECT * FROM "tasks" WHERE (("tasks"."done" = 'f')) LIMIT 25 OFFSET 0[0m
Completed in 323ms (View: 320, DB: 2) | 200 OK [http://localhost/]


Processing NetzkeController#netzke to css (for 127.0.0.1 at 2010-06-17 17:02:47) [GET]
Completed in 117ms (View: 3, DB: 0) | 200 OK [http://localhost/netzke/netzke.css]


Processing NetzkeController#netzke to js (for 127.0.0.1 at 2010-06-17 17:02:47) [GET]
Completed in 31ms (View: 5, DB: 0) | 200 OK [http://localhost/netzke/netzke.js]


Processing NetzkeController#tasks__get_data (for 127.0.0.1 at 2010-06-17 17:02:50) [POST]
  Parameters: {"dir"=>"ASC", "authenticity_token"=>"", "start"=>"0", "sort"=>"notes", "limit"=>"25"}
  [4;36;1mNetzkePreference Load (0.5ms)[0m   [0;1mSELECT * FROM "netzke_preferences" WHERE ("netzke_preferences"."widget_name" = 'tasks') [0m
  [4;35;1mTask Load (0.3ms)[0m   [0mSELECT * FROM "tasks" WHERE (("tasks"."done" = 'f')) ORDER BY tasks.notes ASC LIMIT 25 OFFSET 0[0m
Completed in 101ms (View: 0, DB: 1) | 200 OK [http://localhost/netzke/tasks__get_data]


Processing WelcomeController#index (for 127.0.0.1 at 2010-06-17 17:24:50) [GET]
Rendering template within layouts/application
Rendering welcome/index
  [4;36;1mNetzkePreference Load (0.5ms)[0m   [0;1mSELECT * FROM "netzke_preferences" WHERE ("netzke_preferences"."widget_name" = 'tasks') [0m
  [4;35;1mNetzkeFieldList Load (0.3ms)[0m   [0mSELECT * FROM "netzke_field_lists" WHERE ("netzke_field_lists"."name" = 'tasks') LIMIT 1[0m
  [4;36;1mNetzkeModelAttrList Load (0.2ms)[0m   [0;1mSELECT * FROM "netzke_field_lists" WHERE ("netzke_field_lists"."name" = 'Task') AND ( ("netzke_field_lists"."type" = 'NetzkeModelAttrList' ) ) LIMIT 1[0m
  [4;35;1mNetzkePreference Load (0.3ms)[0m   [0mSELECT * FROM "netzke_preferences" WHERE ("netzke_preferences"."name" = 'menu' AND "netzke_preferences"."widget_name" = 'tasks') LIMIT 1[0m
  [4;36;1mCACHE (0.0ms)[0m   [0;1mSELECT * FROM "netzke_preferences" WHERE ("netzke_preferences"."name" = 'menu' AND "netzke_preferences"."widget_name" = 'tasks') LIMIT 1[0m
  [4;35;1mTask Load (0.2ms)[0m   [0mSELECT * FROM "tasks" WHERE (("tasks"."done" = 'f')) LIMIT 25 OFFSET 0[0m
Completed in 196ms (View: 193, DB: 1) | 200 OK [http://localhost/]


Processing NetzkeController#netzke to css (for 127.0.0.1 at 2010-06-17 17:24:50) [GET]
Completed in 8ms (View: 1, DB: 0) | 200 OK [http://localhost/netzke/netzke.css]


Processing NetzkeController#netzke to js (for 127.0.0.1 at 2010-06-17 17:24:50) [GET]
Completed in 11ms (View: 1, DB: 0) | 200 OK [http://localhost/netzke/netzke.js]


Processing NetzkeController#tasks__get_data (for 127.0.0.1 at 2010-06-17 17:24:52) [POST]
  Parameters: {"dir"=>"ASC", "authenticity_token"=>"", "start"=>"0", "sort"=>"name", "limit"=>"25"}
  [4;36;1mNetzkePreference Load (0.5ms)[0m   [0;1mSELECT * FROM "netzke_preferences" WHERE ("netzke_preferences"."widget_name" = 'tasks') [0m
  [4;35;1mTask Load (0.2ms)[0m   [0mSELECT * FROM "tasks" WHERE (("tasks"."done" = 'f')) ORDER BY tasks.name ASC LIMIT 25 OFFSET 0[0m
Completed in 40ms (View: 0, DB: 1) | 200 OK [http://localhost/netzke/tasks__get_data]


Processing NetzkeController#tasks__post_data (for 127.0.0.1 at 2010-06-17 17:25:10) [POST]
  Parameters: {"created_records"=>"[{\"name\":\"test\",\"notes\":\"testst\",\"id\":\"ext-record-193\"}]", "base_params"=>"{}", "authenticity_token"=>"gQ84j6yVwJXXNUhDZa0vtb227M5B223+/jXzXNKZiFY="}
  [4;36;1mNetzkePreference Load (0.5ms)[0m   [0;1mSELECT * FROM "netzke_preferences" WHERE ("netzke_preferences"."widget_name" = 'tasks') [0m
  [4;35;1mTask Create (0.5ms)[0m   [0mINSERT INTO "tasks" ("name", "created_at", "notes", "updated_at", "done", "priority", "due") VALUES('test', '2010-06-17 23:25:10', 'testst', '2010-06-17 23:25:10', 'f', NULL, NULL)[0m
  [4;36;1mNetzkeFieldList Load (0.2ms)[0m   [0;1mSELECT * FROM "netzke_field_lists" WHERE ("netzke_field_lists"."name" = 'tasks') LIMIT 1[0m
  [4;35;1mNetzkeModelAttrList Load (0.2ms)[0m   [0mSELECT * FROM "netzke_field_lists" WHERE ("netzke_field_lists"."name" = 'Task') AND ( ("netzke_field_lists"."type" = 'NetzkeModelAttrList' ) ) LIMIT 1[0m
Completed in 124ms (View: 0, DB: 1) | 200 OK [http://localhost/netzke/tasks__post_data]


Processing NetzkeController#tasks__get_data (for 127.0.0.1 at 2010-06-17 17:25:10) [POST]
  Parameters: {"dir"=>"ASC", "authenticity_token"=>"", "start"=>"0", "sort"=>"name", "limit"=>"25"}
  [4;36;1mNetzkePreference Load (0.5ms)[0m   [0;1mSELECT * FROM "netzke_preferences" WHERE ("netzke_preferences"."widget_name" = 'tasks') [0m
  [4;35;1mTask Load (0.4ms)[0m   [0mSELECT * FROM "tasks" WHERE (("tasks"."done" = 'f')) ORDER BY tasks.name ASC LIMIT 25 OFFSET 0[0m
  [4;36;1mNetzkeFieldList Load (0.3ms)[0m   [0;1mSELECT * FROM "netzke_field_lists" WHERE ("netzke_field_lists"."name" = 'tasks') LIMIT 1[0m
  [4;35;1mNetzkeModelAttrList Load (0.3ms)[0m   [0mSELECT * FROM "netzke_field_lists" WHERE ("netzke_field_lists"."name" = 'Task') AND ( ("netzke_field_lists"."type" = 'NetzkeModelAttrList' ) ) LIMIT 1[0m
Completed in 187ms (View: 0, DB: 1) | 200 OK [http://localhost/netzke/tasks__get_data]


Processing NetzkeController#tasks__get_data (for 127.0.0.1 at 2010-06-17 17:25:10) [POST]
  Parameters: {"dir"=>"ASC", "authenticity_token"=>"", "start"=>"0", "sort"=>"name", "limit"=>"25"}
  [4;36;1mNetzkePreference Load (0.5ms)[0m   [0;1mSELECT * FROM "netzke_preferences" WHERE ("netzke_preferences"."widget_name" = 'tasks') [0m
  [4;35;1mTask Load (0.5ms)[0m   [0mSELECT * FROM "tasks" WHERE (("tasks"."done" = 'f')) ORDER BY tasks.name ASC LIMIT 25 OFFSET 0[0m
  [4;36;1mNetzkeFieldList Load (0.3ms)[0m   [0;1mSELECT * FROM "netzke_field_lists" WHERE ("netzke_field_lists"."name" = 'tasks') LIMIT 1[0m
  [4;35;1mNetzkeModelAttrList Load (0.2ms)[0m   [0mSELECT * FROM "netzke_field_lists" WHERE ("netzke_field_lists"."name" = 'Task') AND ( ("netzke_field_lists"."type" = 'NetzkeModelAttrList' ) ) LIMIT 1[0m
Completed in 70ms (View: 0, DB: 2) | 200 OK [http://localhost/netzke/tasks__get_data]


Processing NetzkeController#tasks__get_data (for 127.0.0.1 at 2010-06-17 17:25:29) [POST]
  Parameters: {"dir"=>"DESC", "authenticity_token"=>"", "start"=>"0", "sort"=>"priority", "limit"=>"25"}
  [4;36;1mNetzkePreference Load (0.7ms)[0m   [0;1mSELECT * FROM "netzke_preferences" WHERE ("netzke_preferences"."widget_name" = 'tasks') [0m
  [4;35;1mTask Load (0.4ms)[0m   [0mSELECT * FROM "tasks" WHERE (("tasks"."done" = 'f')) ORDER BY tasks.priority DESC LIMIT 25 OFFSET 0[0m
  [4;36;1mNetzkeFieldList Load (0.3ms)[0m   [0;1mSELECT * FROM "netzke_field_lists" WHERE ("netzke_field_lists"."name" = 'tasks') LIMIT 1[0m
  [4;35;1mNetzkeModelAttrList Load (0.2ms)[0m   [0mSELECT * FROM "netzke_field_lists" WHERE ("netzke_field_lists"."name" = 'Task') AND ( ("netzke_field_lists"."type" = 'NetzkeModelAttrList' ) ) LIMIT 1[0m
Completed in 161ms (View: 0, DB: 2) | 200 OK [http://localhost/netzke/tasks__get_data]


Processing WelcomeController#index (for 127.0.0.1 at 2010-06-17 17:25:38) [GET]
Rendering template within layouts/application
Rendering welcome/index
  [4;36;1mNetzkePreference Load (0.5ms)[0m   [0;1mSELECT * FROM "netzke_preferences" WHERE ("netzke_preferences"."widget_name" = 'tasks') [0m
  [4;35;1mNetzkeFieldList Load (0.4ms)[0m   [0mSELECT * FROM "netzke_field_lists" WHERE ("netzke_field_lists"."name" = 'tasks') LIMIT 1[0m
  [4;36;1mNetzkeModelAttrList Load (0.2ms)[0m   [0;1mSELECT * FROM "netzke_field_lists" WHERE ("netzke_field_lists"."name" = 'Task') AND ( ("netzke_field_lists"."type" = 'NetzkeModelAttrList' ) ) LIMIT 1[0m
  [4;35;1mNetzkePreference Load (0.3ms)[0m   [0mSELECT * FROM "netzke_preferences" WHERE ("netzke_preferences"."name" = 'menu' AND "netzke_preferences"."widget_name" = 'tasks') LIMIT 1[0m
  [4;36;1mCACHE (0.0ms)[0m   [0;1mSELECT * FROM "netzke_preferences" WHERE ("netzke_preferences"."name" = 'menu' AND "netzke_preferences"."widget_name" = 'tasks') LIMIT 1[0m
  [4;35;1mTask Load (0.3ms)[0m   [0mSELECT * FROM "tasks" WHERE (("tasks"."done" = 'f')) LIMIT 25 OFFSET 0[0m
Completed in 165ms (View: 161, DB: 2) | 200 OK [http://localhost/]


Processing NetzkeController#netzke to css (for 127.0.0.1 at 2010-06-17 17:25:38) [GET]
Completed in 38ms (View: 1, DB: 0) | 200 OK [http://localhost/netzke/netzke.css]


Processing NetzkeController#netzke to js (for 127.0.0.1 at 2010-06-17 17:25:38) [GET]
Completed in 16ms (View: 1, DB: 0) | 200 OK [http://localhost/netzke/netzke.js]


Processing WelcomeController#index (for 127.0.0.1 at 2010-07-06 18:20:36) [GET]
Rendering template within layouts/application
Rendering welcome/index
  [4;36;1mNetzkePreference Load (0.8ms)[0m   [0;1mSELECT * FROM "netzke_preferences" WHERE ("netzke_preferences"."widget_name" = 'tasks') [0m
  [4;35;1mNetzkeFieldList Load (0.5ms)[0m   [0mSELECT * FROM "netzke_field_lists" WHERE ("netzke_field_lists"."name" = 'tasks') LIMIT 1[0m
  [4;36;1mNetzkeModelAttrList Load (0.2ms)[0m   [0;1mSELECT * FROM "netzke_field_lists" WHERE ("netzke_field_lists"."name" = 'Task') AND ( ("netzke_field_lists"."type" = 'NetzkeModelAttrList' ) ) LIMIT 1[0m
  [4;35;1mNetzkePreference Load (0.2ms)[0m   [0mSELECT * FROM "netzke_preferences" WHERE ("netzke_preferences"."name" = 'menu' AND "netzke_preferences"."widget_name" = 'tasks') LIMIT 1[0m
  [4;36;1mCACHE (0.0ms)[0m   [0;1mSELECT * FROM "netzke_preferences" WHERE ("netzke_preferences"."name" = 'menu' AND "netzke_preferences"."widget_name" = 'tasks') LIMIT 1[0m
  [4;35;1mTask Load (0.6ms)[0m   [0mSELECT * FROM "tasks" WHERE (("tasks"."done" = 'f')) LIMIT 25 OFFSET 0[0m
Completed in 261ms (View: 253, DB: 2) | 200 OK [http://localhost/]


Processing NetzkeController#netzke to css (for 127.0.0.1 at 2010-07-06 18:20:36) [GET]
Completed in 24ms (View: 1, DB: 0) | 200 OK [http://localhost/netzke/netzke.css]


Processing NetzkeController#netzke to js (for 127.0.0.1 at 2010-07-06 18:20:37) [GET]
Completed in 12ms (View: 1, DB: 0) | 200 OK [http://localhost/netzke/netzke.js]


Processing NetzkeController#tasks__get_data (for 127.0.0.1 at 2010-07-06 18:20:49) [POST]
  Parameters: {"dir"=>"ASC", "authenticity_token"=>"", "start"=>"0", "sort"=>"created_at", "limit"=>"25"}
  [4;36;1mNetzkePreference Load (0.4ms)[0m   [0;1mSELECT * FROM "netzke_preferences" WHERE ("netzke_preferences"."widget_name" = 'tasks') [0m
  [4;35;1mTask Load (0.3ms)[0m   [0mSELECT * FROM "tasks" WHERE (("tasks"."done" = 'f')) ORDER BY tasks.created_at ASC LIMIT 25 OFFSET 0[0m
  [4;36;1mNetzkeFieldList Load (0.2ms)[0m   [0;1mSELECT * FROM "netzke_field_lists" WHERE ("netzke_field_lists"."name" = 'tasks') LIMIT 1[0m
  [4;35;1mNetzkeModelAttrList Load (0.3ms)[0m   [0mSELECT * FROM "netzke_field_lists" WHERE ("netzke_field_lists"."name" = 'Task') AND ( ("netzke_field_lists"."type" = 'NetzkeModelAttrList' ) ) LIMIT 1[0m
Completed in 61ms (View: 0, DB: 1) | 200 OK [http://localhost/netzke/tasks__get_data]
